<?xml version="1.0" encoding="UTF-8"?>
<testng-results ignored="0" total="6" passed="4" failed="2" skipped="0">
  <reporter-output>
  </reporter-output>
  <suite started-at="2024-11-19T22:22:09 CST" name="Default suite" finished-at="2024-11-19T22:22:27 CST" duration-ms="18358">
    <groups>
    </groups>
    <test started-at="2024-11-19T22:22:09 CST" name="Default test" finished-at="2024-11-19T22:22:27 CST" duration-ms="18358">
      <class name="Tests.DSIntorductionPage">
        <test-method is-config="true" signature="setUp()[pri:0, instance:Tests.DSIntorductionPage@34123d65]" started-at="2024-11-19T22:22:09 CST" name="setUp" finished-at="2024-11-19T22:22:12 CST" duration-ms="2483" status="PASS">
          <reporter-output>
          </reporter-output>
        </test-method> <!-- setUp -->
        <test-method is-config="true" signature="loginIntoApp()[pri:0, instance:Tests.DSIntorductionPage@34123d65]" started-at="2024-11-19T22:22:12 CST" name="loginIntoApp" finished-at="2024-11-19T22:22:16 CST" duration-ms="4088" status="PASS">
          <reporter-output>
          </reporter-output>
        </test-method> <!-- loginIntoApp -->
        <test-method signature="Clicking_on_Try_Here_on_time_complexity_opens_python_editor()[pri:0, instance:Tests.DSIntorductionPage@34123d65]" started-at="2024-11-19T22:22:16 CST" name="Clicking_on_Try_Here_on_time_complexity_opens_python_editor" finished-at="2024-11-19T22:22:17 CST" duration-ms="1140" status="PASS">
          <reporter-output>
          </reporter-output>
        </test-method> <!-- Clicking_on_Try_Here_on_time_complexity_opens_python_editor -->
        <test-method is-config="true" signature="clearCookies()[pri:0, instance:Tests.DSIntorductionPage@34123d65]" started-at="2024-11-19T22:22:17 CST" name="clearCookies" finished-at="2024-11-19T22:22:17 CST" duration-ms="39" status="PASS">
          <reporter-output>
          </reporter-output>
        </test-method> <!-- clearCookies -->
        <test-method is-config="true" signature="loginIntoApp()[pri:0, instance:Tests.DSIntorductionPage@34123d65]" started-at="2024-11-19T22:22:17 CST" name="loginIntoApp" finished-at="2024-11-19T22:22:18 CST" duration-ms="1583" status="PASS">
          <reporter-output>
          </reporter-output>
        </test-method> <!-- loginIntoApp -->
        <test-method signature="Error_message_displayed_for_invalid_code_on_try_editor_for_Time_Complexity()[pri:0, instance:Tests.DSIntorductionPage@34123d65]" started-at="2024-11-19T22:22:18 CST" name="Error_message_displayed_for_invalid_code_on_try_editor_for_Time_Complexity" finished-at="2024-11-19T22:22:19 CST" duration-ms="665" status="FAIL">
          <exception class="org.openqa.selenium.ElementNotInteractableException">
            <message>
              <![CDATA[element not interactable
  (Session info: chrome=131.0.6778.85)
Build info: version: '4.26.0', revision: '8ccf0219d7'
System info: os.name: 'Windows 11', os.arch: 'amd64', os.version: '10.0', java.version: '22.0.2'
Driver info: org.openqa.selenium.chrome.ChromeDriver
Command: [2833a08a5d5593debee7d30a318d43a9, sendKeysToElement {id=f.B4BFCE4BD858A9F13EF971E0CD93BD8C.d.2EFC4342681D3C5E75B9787D99878ED3.e.91, value=[Ljava.lang.CharSequence;@4152d38d}]
Capabilities {acceptInsecureCerts: false, browserName: chrome, browserVersion: 131.0.6778.85, chrome: {chromedriverVersion: 131.0.6778.85 (3d81e41b6f3a..., userDataDir: C:\Users\vamsh\AppData\Loca...}, fedcm:accounts: true, goog:chromeOptions: {debuggerAddress: localhost:60014}, networkConnectionEnabled: false, pageLoadStrategy: normal, platformName: windows, proxy: Proxy(), se:cdp: ws://localhost:60014/devtoo..., se:cdpVersion: 131.0.6778.85, setWindowRect: true, strictFileInteractability: false, timeouts: {implicit: 0, pageLoad: 300000, script: 30000}, unhandledPromptBehavior: dismiss and notify, webauthn:extension:credBlob: true, webauthn:extension:largeBlob: true, webauthn:extension:minPinLength: true, webauthn:extension:prf: true, webauthn:virtualAuthenticators: true}
Element: [[ChromeDriver: chrome on windows (2833a08a5d5593debee7d30a318d43a9)] -> css selector: .CodeMirror textarea]
Session ID: 2833a08a5d5593debee7d30a318d43a9]]>
            </message>
            <full-stacktrace>
              <![CDATA[org.openqa.selenium.ElementNotInteractableException: element not interactable
  (Session info: chrome=131.0.6778.85)
Build info: version: '4.26.0', revision: '8ccf0219d7'
System info: os.name: 'Windows 11', os.arch: 'amd64', os.version: '10.0', java.version: '22.0.2'
Driver info: org.openqa.selenium.chrome.ChromeDriver
Command: [2833a08a5d5593debee7d30a318d43a9, sendKeysToElement {id=f.B4BFCE4BD858A9F13EF971E0CD93BD8C.d.2EFC4342681D3C5E75B9787D99878ED3.e.91, value=[Ljava.lang.CharSequence;@4152d38d}]
Capabilities {acceptInsecureCerts: false, browserName: chrome, browserVersion: 131.0.6778.85, chrome: {chromedriverVersion: 131.0.6778.85 (3d81e41b6f3a..., userDataDir: C:\Users\vamsh\AppData\Loca...}, fedcm:accounts: true, goog:chromeOptions: {debuggerAddress: localhost:60014}, networkConnectionEnabled: false, pageLoadStrategy: normal, platformName: windows, proxy: Proxy(), se:cdp: ws://localhost:60014/devtoo..., se:cdpVersion: 131.0.6778.85, setWindowRect: true, strictFileInteractability: false, timeouts: {implicit: 0, pageLoad: 300000, script: 30000}, unhandledPromptBehavior: dismiss and notify, webauthn:extension:credBlob: true, webauthn:extension:largeBlob: true, webauthn:extension:minPinLength: true, webauthn:extension:prf: true, webauthn:virtualAuthenticators: true}
Element: [[ChromeDriver: chrome on windows (2833a08a5d5593debee7d30a318d43a9)] -> css selector: .CodeMirror textarea]
Session ID: 2833a08a5d5593debee7d30a318d43a9
at java.base/jdk.internal.reflect.DirectConstructorHandleAccessor.newInstance(DirectConstructorHandleAccessor.java:62)
at java.base/java.lang.reflect.Constructor.newInstanceWithCaller(Constructor.java:502)
at java.base/java.lang.reflect.Constructor.newInstance(Constructor.java:486)
at org.openqa.selenium.remote.ErrorCodec.decode(ErrorCodec.java:167)
at org.openqa.selenium.remote.codec.w3c.W3CHttpResponseCodec.decode(W3CHttpResponseCodec.java:138)
at org.openqa.selenium.remote.codec.w3c.W3CHttpResponseCodec.decode(W3CHttpResponseCodec.java:50)
at org.openqa.selenium.remote.HttpCommandExecutor.execute(HttpCommandExecutor.java:190)
at org.openqa.selenium.remote.service.DriverCommandExecutor.invokeExecute(DriverCommandExecutor.java:216)
at org.openqa.selenium.remote.service.DriverCommandExecutor.execute(DriverCommandExecutor.java:174)
at org.openqa.selenium.remote.RemoteWebDriver.execute(RemoteWebDriver.java:545)
at org.openqa.selenium.remote.RemoteWebElement.execute(RemoteWebElement.java:223)
at org.openqa.selenium.remote.RemoteWebElement.sendKeys(RemoteWebElement.java:110)
at PageObjects.IntroductionPage.enterCodeInEditor(IntroductionPage.java:128)
at Tests.DSIntorductionPage.Error_message_displayed_for_invalid_code_on_try_editor_for_Time_Complexity(DSIntorductionPage.java:55)
at java.base/jdk.internal.reflect.DirectMethodHandleAccessor.invoke(DirectMethodHandleAccessor.java:103)
at java.base/java.lang.reflect.Method.invoke(Method.java:580)
at org.testng.internal.invokers.MethodInvocationHelper.invokeMethod(MethodInvocationHelper.java:136)
at org.testng.internal.invokers.TestInvoker.invokeMethod(TestInvoker.java:658)
at org.testng.internal.invokers.TestInvoker.invokeTestMethod(TestInvoker.java:219)
at org.testng.internal.invokers.MethodRunner.runInSequence(MethodRunner.java:50)
at org.testng.internal.invokers.TestInvoker$MethodInvocationAgent.invoke(TestInvoker.java:923)
at org.testng.internal.invokers.TestInvoker.invokeTestMethods(TestInvoker.java:192)
at org.testng.internal.invokers.TestMethodWorker.invokeTestMethods(TestMethodWorker.java:146)
at org.testng.internal.invokers.TestMethodWorker.run(TestMethodWorker.java:128)
at java.base/java.util.ArrayList.forEach(ArrayList.java:1597)
at org.testng.TestRunner.privateRun(TestRunner.java:808)
at org.testng.TestRunner.run(TestRunner.java:603)
at org.testng.SuiteRunner.runTest(SuiteRunner.java:429)
at org.testng.SuiteRunner.runSequentially(SuiteRunner.java:423)
at org.testng.SuiteRunner.privateRun(SuiteRunner.java:383)
at org.testng.SuiteRunner.run(SuiteRunner.java:326)
at org.testng.SuiteRunnerWorker.runSuite(SuiteRunnerWorker.java:52)
at org.testng.SuiteRunnerWorker.run(SuiteRunnerWorker.java:95)
at org.testng.TestNG.runSuitesSequentially(TestNG.java:1249)
at org.testng.TestNG.runSuitesLocally(TestNG.java:1169)
at org.testng.TestNG.runSuites(TestNG.java:1092)
at org.testng.TestNG.run(TestNG.java:1060)
at org.testng.remote.AbstractRemoteTestNG.run(AbstractRemoteTestNG.java:115)
at org.testng.remote.RemoteTestNG.initAndRun(RemoteTestNG.java:293)
at org.testng.remote.RemoteTestNG.main(RemoteTestNG.java:91)
]]>
            </full-stacktrace>
          </exception> <!-- org.openqa.selenium.ElementNotInteractableException -->
          <reporter-output>
          </reporter-output>
        </test-method> <!-- Error_message_displayed_for_invalid_code_on_try_editor_for_Time_Complexity -->
        <test-method is-config="true" signature="clearCookies()[pri:0, instance:Tests.DSIntorductionPage@34123d65]" started-at="2024-11-19T22:22:19 CST" name="clearCookies" finished-at="2024-11-19T22:22:19 CST" duration-ms="32" status="PASS">
          <reporter-output>
          </reporter-output>
        </test-method> <!-- clearCookies -->
        <test-method is-config="true" signature="loginIntoApp()[pri:0, instance:Tests.DSIntorductionPage@34123d65]" started-at="2024-11-19T22:22:19 CST" name="loginIntoApp" finished-at="2024-11-19T22:22:21 CST" duration-ms="1512" status="PASS">
          <reporter-output>
          </reporter-output>
        </test-method> <!-- loginIntoApp -->
        <test-method signature="No_error_message_displayed_for_empty_code_on_try_editor_for_Time_Complexity()[pri:0, instance:Tests.DSIntorductionPage@34123d65]" started-at="2024-11-19T22:22:21 CST" name="No_error_message_displayed_for_empty_code_on_try_editor_for_Time_Complexity" finished-at="2024-11-19T22:22:22 CST" duration-ms="852" status="PASS">
          <reporter-output>
          </reporter-output>
        </test-method> <!-- No_error_message_displayed_for_empty_code_on_try_editor_for_Time_Complexity -->
        <test-method is-config="true" signature="clearCookies()[pri:0, instance:Tests.DSIntorductionPage@34123d65]" started-at="2024-11-19T22:22:22 CST" name="clearCookies" finished-at="2024-11-19T22:22:22 CST" duration-ms="35" status="PASS">
          <reporter-output>
          </reporter-output>
        </test-method> <!-- clearCookies -->
        <test-method is-config="true" signature="loginIntoApp()[pri:0, instance:Tests.DSIntorductionPage@34123d65]" started-at="2024-11-19T22:22:22 CST" name="loginIntoApp" finished-at="2024-11-19T22:22:23 CST" duration-ms="1578" status="PASS">
          <reporter-output>
          </reporter-output>
        </test-method> <!-- loginIntoApp -->
        <test-method signature="Valid_code_on_try_editor_for_Time_Complexity_runs_successfully()[pri:0, instance:Tests.DSIntorductionPage@34123d65]" started-at="2024-11-19T22:22:23 CST" name="Valid_code_on_try_editor_for_Time_Complexity_runs_successfully" finished-at="2024-11-19T22:22:24 CST" duration-ms="750" status="FAIL">
          <exception class="org.openqa.selenium.ElementNotInteractableException">
            <message>
              <![CDATA[element not interactable
  (Session info: chrome=131.0.6778.85)
Build info: version: '4.26.0', revision: '8ccf0219d7'
System info: os.name: 'Windows 11', os.arch: 'amd64', os.version: '10.0', java.version: '22.0.2'
Driver info: org.openqa.selenium.chrome.ChromeDriver
Command: [2833a08a5d5593debee7d30a318d43a9, sendKeysToElement {id=f.B4BFCE4BD858A9F13EF971E0CD93BD8C.d.7139A483D2FFAD7DC68729033159F2C7.e.188, value=[Ljava.lang.CharSequence;@71154f21}]
Capabilities {acceptInsecureCerts: false, browserName: chrome, browserVersion: 131.0.6778.85, chrome: {chromedriverVersion: 131.0.6778.85 (3d81e41b6f3a..., userDataDir: C:\Users\vamsh\AppData\Loca...}, fedcm:accounts: true, goog:chromeOptions: {debuggerAddress: localhost:60014}, networkConnectionEnabled: false, pageLoadStrategy: normal, platformName: windows, proxy: Proxy(), se:cdp: ws://localhost:60014/devtoo..., se:cdpVersion: 131.0.6778.85, setWindowRect: true, strictFileInteractability: false, timeouts: {implicit: 0, pageLoad: 300000, script: 30000}, unhandledPromptBehavior: dismiss and notify, webauthn:extension:credBlob: true, webauthn:extension:largeBlob: true, webauthn:extension:minPinLength: true, webauthn:extension:prf: true, webauthn:virtualAuthenticators: true}
Element: [[ChromeDriver: chrome on windows (2833a08a5d5593debee7d30a318d43a9)] -> css selector: .CodeMirror textarea]
Session ID: 2833a08a5d5593debee7d30a318d43a9]]>
            </message>
            <full-stacktrace>
              <![CDATA[org.openqa.selenium.ElementNotInteractableException: element not interactable
  (Session info: chrome=131.0.6778.85)
Build info: version: '4.26.0', revision: '8ccf0219d7'
System info: os.name: 'Windows 11', os.arch: 'amd64', os.version: '10.0', java.version: '22.0.2'
Driver info: org.openqa.selenium.chrome.ChromeDriver
Command: [2833a08a5d5593debee7d30a318d43a9, sendKeysToElement {id=f.B4BFCE4BD858A9F13EF971E0CD93BD8C.d.7139A483D2FFAD7DC68729033159F2C7.e.188, value=[Ljava.lang.CharSequence;@71154f21}]
Capabilities {acceptInsecureCerts: false, browserName: chrome, browserVersion: 131.0.6778.85, chrome: {chromedriverVersion: 131.0.6778.85 (3d81e41b6f3a..., userDataDir: C:\Users\vamsh\AppData\Loca...}, fedcm:accounts: true, goog:chromeOptions: {debuggerAddress: localhost:60014}, networkConnectionEnabled: false, pageLoadStrategy: normal, platformName: windows, proxy: Proxy(), se:cdp: ws://localhost:60014/devtoo..., se:cdpVersion: 131.0.6778.85, setWindowRect: true, strictFileInteractability: false, timeouts: {implicit: 0, pageLoad: 300000, script: 30000}, unhandledPromptBehavior: dismiss and notify, webauthn:extension:credBlob: true, webauthn:extension:largeBlob: true, webauthn:extension:minPinLength: true, webauthn:extension:prf: true, webauthn:virtualAuthenticators: true}
Element: [[ChromeDriver: chrome on windows (2833a08a5d5593debee7d30a318d43a9)] -> css selector: .CodeMirror textarea]
Session ID: 2833a08a5d5593debee7d30a318d43a9
at java.base/jdk.internal.reflect.DirectConstructorHandleAccessor.newInstance(DirectConstructorHandleAccessor.java:62)
at java.base/java.lang.reflect.Constructor.newInstanceWithCaller(Constructor.java:502)
at java.base/java.lang.reflect.Constructor.newInstance(Constructor.java:486)
at org.openqa.selenium.remote.ErrorCodec.decode(ErrorCodec.java:167)
at org.openqa.selenium.remote.codec.w3c.W3CHttpResponseCodec.decode(W3CHttpResponseCodec.java:138)
at org.openqa.selenium.remote.codec.w3c.W3CHttpResponseCodec.decode(W3CHttpResponseCodec.java:50)
at org.openqa.selenium.remote.HttpCommandExecutor.execute(HttpCommandExecutor.java:190)
at org.openqa.selenium.remote.service.DriverCommandExecutor.invokeExecute(DriverCommandExecutor.java:216)
at org.openqa.selenium.remote.service.DriverCommandExecutor.execute(DriverCommandExecutor.java:174)
at org.openqa.selenium.remote.RemoteWebDriver.execute(RemoteWebDriver.java:545)
at org.openqa.selenium.remote.RemoteWebElement.execute(RemoteWebElement.java:223)
at org.openqa.selenium.remote.RemoteWebElement.sendKeys(RemoteWebElement.java:110)
at PageObjects.IntroductionPage.enterCodeInEditor(IntroductionPage.java:128)
at Tests.DSIntorductionPage.Valid_code_on_try_editor_for_Time_Complexity_runs_successfully(DSIntorductionPage.java:74)
at java.base/jdk.internal.reflect.DirectMethodHandleAccessor.invoke(DirectMethodHandleAccessor.java:103)
at java.base/java.lang.reflect.Method.invoke(Method.java:580)
at org.testng.internal.invokers.MethodInvocationHelper.invokeMethod(MethodInvocationHelper.java:136)
at org.testng.internal.invokers.TestInvoker.invokeMethod(TestInvoker.java:658)
at org.testng.internal.invokers.TestInvoker.invokeTestMethod(TestInvoker.java:219)
at org.testng.internal.invokers.MethodRunner.runInSequence(MethodRunner.java:50)
at org.testng.internal.invokers.TestInvoker$MethodInvocationAgent.invoke(TestInvoker.java:923)
at org.testng.internal.invokers.TestInvoker.invokeTestMethods(TestInvoker.java:192)
at org.testng.internal.invokers.TestMethodWorker.invokeTestMethods(TestMethodWorker.java:146)
at org.testng.internal.invokers.TestMethodWorker.run(TestMethodWorker.java:128)
at java.base/java.util.ArrayList.forEach(ArrayList.java:1597)
at org.testng.TestRunner.privateRun(TestRunner.java:808)
at org.testng.TestRunner.run(TestRunner.java:603)
at org.testng.SuiteRunner.runTest(SuiteRunner.java:429)
at org.testng.SuiteRunner.runSequentially(SuiteRunner.java:423)
at org.testng.SuiteRunner.privateRun(SuiteRunner.java:383)
at org.testng.SuiteRunner.run(SuiteRunner.java:326)
at org.testng.SuiteRunnerWorker.runSuite(SuiteRunnerWorker.java:52)
at org.testng.SuiteRunnerWorker.run(SuiteRunnerWorker.java:95)
at org.testng.TestNG.runSuitesSequentially(TestNG.java:1249)
at org.testng.TestNG.runSuitesLocally(TestNG.java:1169)
at org.testng.TestNG.runSuites(TestNG.java:1092)
at org.testng.TestNG.run(TestNG.java:1060)
at org.testng.remote.AbstractRemoteTestNG.run(AbstractRemoteTestNG.java:115)
at org.testng.remote.RemoteTestNG.initAndRun(RemoteTestNG.java:293)
at org.testng.remote.RemoteTestNG.main(RemoteTestNG.java:91)
]]>
            </full-stacktrace>
          </exception> <!-- org.openqa.selenium.ElementNotInteractableException -->
          <reporter-output>
          </reporter-output>
        </test-method> <!-- Valid_code_on_try_editor_for_Time_Complexity_runs_successfully -->
        <test-method is-config="true" signature="clearCookies()[pri:0, instance:Tests.DSIntorductionPage@34123d65]" started-at="2024-11-19T22:22:24 CST" name="clearCookies" finished-at="2024-11-19T22:22:24 CST" duration-ms="33" status="PASS">
          <reporter-output>
          </reporter-output>
        </test-method> <!-- clearCookies -->
        <test-method is-config="true" signature="loginIntoApp()[pri:0, instance:Tests.DSIntorductionPage@34123d65]" started-at="2024-11-19T22:22:24 CST" name="loginIntoApp" finished-at="2024-11-19T22:22:25 CST" duration-ms="1547" status="PASS">
          <reporter-output>
          </reporter-output>
        </test-method> <!-- loginIntoApp -->
        <test-method signature="clicking_on_get_started_for_data_structers_lands_on_Data_Structers_details_page()[pri:0, instance:Tests.DSIntorductionPage@34123d65]" started-at="2024-11-19T22:22:25 CST" name="clicking_on_get_started_for_data_structers_lands_on_Data_Structers_details_page" finished-at="2024-11-19T22:22:26 CST" duration-ms="124" status="PASS">
          <reporter-output>
          </reporter-output>
        </test-method> <!-- clicking_on_get_started_for_data_structers_lands_on_Data_Structers_details_page -->
        <test-method is-config="true" signature="clearCookies()[pri:0, instance:Tests.DSIntorductionPage@34123d65]" started-at="2024-11-19T22:22:26 CST" name="clearCookies" finished-at="2024-11-19T22:22:26 CST" duration-ms="38" status="PASS">
          <reporter-output>
          </reporter-output>
        </test-method> <!-- clearCookies -->
        <test-method is-config="true" signature="loginIntoApp()[pri:0, instance:Tests.DSIntorductionPage@34123d65]" started-at="2024-11-19T22:22:26 CST" name="loginIntoApp" finished-at="2024-11-19T22:22:27 CST" duration-ms="1421" status="PASS">
          <reporter-output>
          </reporter-output>
        </test-method> <!-- loginIntoApp -->
        <test-method signature="clicking_on_time_complexity_navigate_to_the_page()[pri:0, instance:Tests.DSIntorductionPage@34123d65]" started-at="2024-11-19T22:22:27 CST" name="clicking_on_time_complexity_navigate_to_the_page" finished-at="2024-11-19T22:22:27 CST" duration-ms="332" status="PASS">
          <reporter-output>
          </reporter-output>
        </test-method> <!-- clicking_on_time_complexity_navigate_to_the_page -->
        <test-method is-config="true" signature="clearCookies()[pri:0, instance:Tests.DSIntorductionPage@34123d65]" started-at="2024-11-19T22:22:27 CST" name="clearCookies" finished-at="2024-11-19T22:22:27 CST" duration-ms="37" status="PASS">
          <reporter-output>
          </reporter-output>
        </test-method> <!-- clearCookies -->
      </class> <!-- Tests.DSIntorductionPage -->
    </test> <!-- Default test -->
  </suite> <!-- Default suite -->
</testng-results>
